<?xml version="1.0" encoding="UTF-8"?>
<testng-results ignored="0" total="2" passed="2" failed="0" skipped="0">
  <reporter-output>
  </reporter-output>
  <suite started-at="2025-11-22T23:00:05 IST" name="Suite" finished-at="2025-11-22T23:00:19 IST" duration-ms="13505">
    <groups>
      <group name="Master">
        <method signature="TC001_RegistrationTest.verifyUserRegistration()[pri:0, instance:testCases.TC001_RegistrationTest@a4add54]" name="verifyUserRegistration" class="testCases.TC001_RegistrationTest"/>
        <method signature="TC002_LoginTest.verify_Login_ValidCreds()[pri:0, instance:testCases.TC002_LoginTest@6ccdb29f]" name="verify_Login_ValidCreds" class="testCases.TC002_LoginTest"/>
      </group> <!-- Master -->
      <group name="Sanity">
        <method signature="TC002_LoginTest.verify_Login_ValidCreds()[pri:0, instance:testCases.TC002_LoginTest@6ccdb29f]" name="verify_Login_ValidCreds" class="testCases.TC002_LoginTest"/>
      </group> <!-- Sanity -->
      <group name="Regression">
        <method signature="TC001_RegistrationTest.verifyUserRegistration()[pri:0, instance:testCases.TC001_RegistrationTest@a4add54]" name="verifyUserRegistration" class="testCases.TC001_RegistrationTest"/>
      </group> <!-- Regression -->
    </groups>
    <test started-at="2025-11-22T23:00:05 IST" name="EdgeTest" finished-at="2025-11-22T23:00:19 IST" duration-ms="13505">
      <class name="testCases.TC001_RegistrationTest">
        <test-method is-config="true" signature="setUp(java.lang.String,java.lang.String)[pri:0, instance:testCases.TC001_RegistrationTest@a4add54]" started-at="2025-11-22T23:00:06 IST" name="setUp" finished-at="2025-11-22T23:00:09 IST" duration-ms="3435" status="PASS">
          <params>
            <param index="0">
              <value>
                <![CDATA[chrome]]>
              </value>
            </param>
            <param index="1">
              <value>
                <![CDATA[Windows]]>
              </value>
            </param>
          </params>
          <reporter-output>
          </reporter-output>
        </test-method> <!-- setUp -->
        <test-method signature="verifyUserRegistration()[pri:0, instance:testCases.TC001_RegistrationTest@a4add54]" started-at="2025-11-22T23:00:09 IST" name="verifyUserRegistration" finished-at="2025-11-22T23:00:13 IST" duration-ms="3345" status="PASS">
          <reporter-output>
          </reporter-output>
        </test-method> <!-- verifyUserRegistration -->
        <test-method is-config="true" signature="tearDown()[pri:0, instance:testCases.TC001_RegistrationTest@a4add54]" started-at="2025-11-22T23:00:13 IST" name="tearDown" finished-at="2025-11-22T23:00:13 IST" duration-ms="306" status="PASS">
          <reporter-output>
          </reporter-output>
        </test-method> <!-- tearDown -->
      </class> <!-- testCases.TC001_RegistrationTest -->
      <class name="testCases.TC002_LoginTest">
        <test-method is-config="true" signature="setUp(java.lang.String,java.lang.String)[pri:0, instance:testCases.TC002_LoginTest@6ccdb29f]" started-at="2025-11-22T23:00:13 IST" name="setUp" finished-at="2025-11-22T23:00:16 IST" duration-ms="2762" status="PASS">
          <params>
            <param index="0">
              <value>
                <![CDATA[chrome]]>
              </value>
            </param>
            <param index="1">
              <value>
                <![CDATA[Windows]]>
              </value>
            </param>
          </params>
          <reporter-output>
          </reporter-output>
        </test-method> <!-- setUp -->
        <test-method signature="verify_Login_ValidCreds()[pri:0, instance:testCases.TC002_LoginTest@6ccdb29f]" started-at="2025-11-22T23:00:16 IST" name="verify_Login_ValidCreds" finished-at="2025-11-22T23:00:19 IST" duration-ms="3057" status="PASS">
          <reporter-output>
          </reporter-output>
        </test-method> <!-- verify_Login_ValidCreds -->
        <test-method is-config="true" signature="tearDown()[pri:0, instance:testCases.TC002_LoginTest@6ccdb29f]" started-at="2025-11-22T23:00:19 IST" name="tearDown" finished-at="2025-11-22T23:00:19 IST" duration-ms="289" status="PASS">
          <reporter-output>
          </reporter-output>
        </test-method> <!-- tearDown -->
      </class> <!-- testCases.TC002_LoginTest -->
    </test> <!-- EdgeTest -->
  </suite> <!-- Suite -->
</testng-results>
