<?xml version="1.0" encoding="UTF-8"?>
<testng-results ignored="0" total="4" passed="4" failed="0" skipped="0">
  <reporter-output>
  </reporter-output>
  <suite started-at="2025-11-08T22:44:09 IST" name="Suite" finished-at="2025-11-08T22:44:43 IST" duration-ms="34033">
    <groups>
      <group name="Master">
        <method signature="TC001_RegistrationTest.verifyUserRegistration()[pri:0, instance:testCases.TC001_RegistrationTest@40238dd0]" name="verifyUserRegistration" class="testCases.TC001_RegistrationTest"/>
        <method signature="TC002_LoginTest.verify_Login_ValidCreds()[pri:0, instance:testCases.TC002_LoginTest@460ebd80]" name="verify_Login_ValidCreds" class="testCases.TC002_LoginTest"/>
        <method signature="TC001_RegistrationTest.verifyUserRegistration()[pri:0, instance:testCases.TC001_RegistrationTest@70f59913]" name="verifyUserRegistration" class="testCases.TC001_RegistrationTest"/>
        <method signature="TC002_LoginTest.verify_Login_ValidCreds()[pri:0, instance:testCases.TC002_LoginTest@7241a47d]" name="verify_Login_ValidCreds" class="testCases.TC002_LoginTest"/>
      </group> <!-- Master -->
      <group name="Sanity">
        <method signature="TC002_LoginTest.verify_Login_ValidCreds()[pri:0, instance:testCases.TC002_LoginTest@460ebd80]" name="verify_Login_ValidCreds" class="testCases.TC002_LoginTest"/>
        <method signature="TC002_LoginTest.verify_Login_ValidCreds()[pri:0, instance:testCases.TC002_LoginTest@7241a47d]" name="verify_Login_ValidCreds" class="testCases.TC002_LoginTest"/>
      </group> <!-- Sanity -->
      <group name="Regression">
        <method signature="TC001_RegistrationTest.verifyUserRegistration()[pri:0, instance:testCases.TC001_RegistrationTest@40238dd0]" name="verifyUserRegistration" class="testCases.TC001_RegistrationTest"/>
        <method signature="TC001_RegistrationTest.verifyUserRegistration()[pri:0, instance:testCases.TC001_RegistrationTest@70f59913]" name="verifyUserRegistration" class="testCases.TC001_RegistrationTest"/>
      </group> <!-- Regression -->
    </groups>
    <test started-at="2025-11-08T22:44:09 IST" name="linux_firefox" finished-at="2025-11-08T22:44:27 IST" duration-ms="18224">
      <class name="testCases.TC001_RegistrationTest">
        <test-method is-config="true" signature="setUp(java.lang.String,java.lang.String)[pri:0, instance:testCases.TC001_RegistrationTest@40238dd0]" started-at="2025-11-08T22:44:18 IST" name="setUp" finished-at="2025-11-08T22:44:23 IST" duration-ms="4457" status="PASS">
          <params>
            <param index="0">
              <value>
                <![CDATA[firefox]]>
              </value>
            </param>
            <param index="1">
              <value>
                <![CDATA[linux]]>
              </value>
            </param>
          </params>
          <reporter-output>
          </reporter-output>
        </test-method> <!-- setUp -->
        <test-method signature="verifyUserRegistration()[pri:0, instance:testCases.TC001_RegistrationTest@40238dd0]" started-at="2025-11-08T22:44:23 IST" name="verifyUserRegistration" finished-at="2025-11-08T22:44:25 IST" duration-ms="2514" status="PASS">
          <reporter-output>
          </reporter-output>
        </test-method> <!-- verifyUserRegistration -->
        <test-method is-config="true" signature="tearDown()[pri:0, instance:testCases.TC001_RegistrationTest@40238dd0]" started-at="2025-11-08T22:44:25 IST" name="tearDown" finished-at="2025-11-08T22:44:27 IST" duration-ms="1326" status="PASS">
          <reporter-output>
          </reporter-output>
        </test-method> <!-- tearDown -->
      </class> <!-- testCases.TC001_RegistrationTest -->
      <class name="testCases.TC002_LoginTest">
        <test-method is-config="true" signature="setUp(java.lang.String,java.lang.String)[pri:0, instance:testCases.TC002_LoginTest@460ebd80]" started-at="2025-11-08T22:44:09 IST" name="setUp" finished-at="2025-11-08T22:44:14 IST" duration-ms="5612" status="PASS">
          <params>
            <param index="0">
              <value>
                <![CDATA[firefox]]>
              </value>
            </param>
            <param index="1">
              <value>
                <![CDATA[linux]]>
              </value>
            </param>
          </params>
          <reporter-output>
          </reporter-output>
        </test-method> <!-- setUp -->
        <test-method signature="verify_Login_ValidCreds()[pri:0, instance:testCases.TC002_LoginTest@460ebd80]" started-at="2025-11-08T22:44:14 IST" name="verify_Login_ValidCreds" finished-at="2025-11-08T22:44:17 IST" duration-ms="2520" status="PASS">
          <reporter-output>
          </reporter-output>
        </test-method> <!-- verify_Login_ValidCreds -->
        <test-method is-config="true" signature="tearDown()[pri:0, instance:testCases.TC002_LoginTest@460ebd80]" started-at="2025-11-08T22:44:17 IST" name="tearDown" finished-at="2025-11-08T22:44:18 IST" duration-ms="1392" status="PASS">
          <reporter-output>
          </reporter-output>
        </test-method> <!-- tearDown -->
      </class> <!-- testCases.TC002_LoginTest -->
    </test> <!-- linux_firefox -->
    <test started-at="2025-11-08T22:44:28 IST" name="linux_chrome" finished-at="2025-11-08T22:44:43 IST" duration-ms="14311">
      <class name="testCases.TC001_RegistrationTest">
        <test-method is-config="true" signature="setUp(java.lang.String,java.lang.String)[pri:0, instance:testCases.TC001_RegistrationTest@70f59913]" started-at="2025-11-08T22:44:37 IST" name="setUp" finished-at="2025-11-08T22:44:39 IST" duration-ms="2146" status="PASS">
          <params>
            <param index="0">
              <value>
                <![CDATA[chrome]]>
              </value>
            </param>
            <param index="1">
              <value>
                <![CDATA[linux]]>
              </value>
            </param>
          </params>
          <reporter-output>
          </reporter-output>
        </test-method> <!-- setUp -->
        <test-method signature="verifyUserRegistration()[pri:0, instance:testCases.TC001_RegistrationTest@70f59913]" started-at="2025-11-08T22:44:39 IST" name="verifyUserRegistration" finished-at="2025-11-08T22:44:42 IST" duration-ms="3210" status="PASS">
          <reporter-output>
          </reporter-output>
        </test-method> <!-- verifyUserRegistration -->
        <test-method is-config="true" signature="tearDown()[pri:0, instance:testCases.TC001_RegistrationTest@70f59913]" started-at="2025-11-08T22:44:42 IST" name="tearDown" finished-at="2025-11-08T22:44:43 IST" duration-ms="117" status="PASS">
          <reporter-output>
          </reporter-output>
        </test-method> <!-- tearDown -->
      </class> <!-- testCases.TC001_RegistrationTest -->
      <class name="testCases.TC002_LoginTest">
        <test-method is-config="true" signature="setUp(java.lang.String,java.lang.String)[pri:0, instance:testCases.TC002_LoginTest@7241a47d]" started-at="2025-11-08T22:44:28 IST" name="setUp" finished-at="2025-11-08T22:44:33 IST" duration-ms="5084" status="PASS">
          <params>
            <param index="0">
              <value>
                <![CDATA[chrome]]>
              </value>
            </param>
            <param index="1">
              <value>
                <![CDATA[linux]]>
              </value>
            </param>
          </params>
          <reporter-output>
          </reporter-output>
        </test-method> <!-- setUp -->
        <test-method signature="verify_Login_ValidCreds()[pri:0, instance:testCases.TC002_LoginTest@7241a47d]" started-at="2025-11-08T22:44:33 IST" name="verify_Login_ValidCreds" finished-at="2025-11-08T22:44:37 IST" duration-ms="3569" status="PASS">
          <reporter-output>
          </reporter-output>
        </test-method> <!-- verify_Login_ValidCreds -->
        <test-method is-config="true" signature="tearDown()[pri:0, instance:testCases.TC002_LoginTest@7241a47d]" started-at="2025-11-08T22:44:37 IST" name="tearDown" finished-at="2025-11-08T22:44:37 IST" duration-ms="172" status="PASS">
          <reporter-output>
          </reporter-output>
        </test-method> <!-- tearDown -->
      </class> <!-- testCases.TC002_LoginTest -->
    </test> <!-- linux_chrome -->
  </suite> <!-- Suite -->
</testng-results>
