<?xml version="1.0" encoding="UTF-8"?>
<!-- Generated by org.testng.reporters.JUnitReportReporter -->
<testsuite hostname="My_Lap" failures="0" tests="2" name="testCases.TC001_RegistrationTest" time="5.724" errors="0" timestamp="2025-11-08T22:44:44 IST" skipped="0">
  <testcase classname="testCases.TC001_RegistrationTest" name="verifyUserRegistration" time="2.514"/>
  <testcase classname="testCases.TC001_RegistrationTest" name="verifyUserRegistration" time="3.210"/>
</testsuite> <!-- testCases.TC001_RegistrationTest -->
