<?xml version="1.0" encoding="UTF-8"?>
<!-- Generated by org.testng.reporters.JUnitReportReporter -->
<testsuite hostname="My_Lap" failures="0" tests="5" name="testCases.TC003_LoginDDT" time="7.660" errors="0" timestamp="2025-11-01T20:27:54 IST" skipped="0">
  <testcase classname="testCases.TC003_LoginDDT" name="verify_loginDDT" time="1.296"/>
  <testcase classname="testCases.TC003_LoginDDT" name="verify_loginDDT" time="1.435"/>
  <testcase classname="testCases.TC003_LoginDDT" name="verify_loginDDT" time="2.266"/>
  <testcase classname="testCases.TC003_LoginDDT" name="verify_loginDDT" time="1.256"/>
  <testcase classname="testCases.TC003_LoginDDT" name="verify_loginDDT" time="1.407"/>
</testsuite> <!-- testCases.TC003_LoginDDT -->
