<?xml version="1.0" encoding="UTF-8"?>
<!-- Generated by org.testng.reporters.JUnitReportReporter -->
<testsuite hostname="My_Lap" failures="0" tests="2" name="testCases.TC002_LoginTest" time="6.089" errors="0" timestamp="2025-11-08T22:44:44 IST" skipped="0">
  <testcase classname="testCases.TC002_LoginTest" name="verify_Login_ValidCreds" time="3.569"/>
  <testcase classname="testCases.TC002_LoginTest" name="verify_Login_ValidCreds" time="2.520"/>
</testsuite> <!-- testCases.TC002_LoginTest -->
